<?xml version="1.0" encoding="UTF-8"?>
<testng-results ignored="0" total="1" passed="1" failed="0" skipped="0">
  <reporter-output>
  </reporter-output>
  <suite started-at="2018-10-16T07:24:59Z" name="Default suite" finished-at="2018-10-16T07:25:11Z" duration-ms="12364">
    <groups>
    </groups>
    <test started-at="2018-10-16T07:24:59Z" name="Default test" finished-at="2018-10-16T07:25:11Z" duration-ms="12364">
      <class name="testScript.DriverScriptTest">
        <test-method signature="mainMethod()[pri:0, instance:testScript.DriverScriptTest@41a0aa7d]" started-at="2018-10-16T07:24:59Z" name="mainMethod" finished-at="2018-10-16T07:25:11Z" duration-ms="12311" status="PASS">
          <reporter-output>
          </reporter-output>
        </test-method> <!-- mainMethod -->
      </class> <!-- testScript.DriverScriptTest -->
    </test> <!-- Default test -->
  </suite> <!-- Default suite -->
</testng-results>
